<?xml version="1.0" encoding="UTF-8"?>
<!-- Generated by org.testng.reporters.JUnitReportReporter -->
<testsuite hostname="win2019" failures="0" tests="3" name="com.launchbrowser.ALL_browser_testng1" time="32.461" errors="0" timestamp="2024-08-20T01:40:19 PDT" skipped="0">
  <testcase classname="com.launchbrowser.ALL_browser_testng1" name="ChromeBrowserLaunch" time="9.316"/>
  <system-out/>
  <testcase classname="com.launchbrowser.ALL_browser_testng1" name="EdgeBroswerLaunch" time="11.054"/>
  <system-out/>
  <testcase classname="com.launchbrowser.ALL_browser_testng1" name="FirefoxBroswerLaunch" time="12.091"/>
  <system-out/>
</testsuite> <!-- com.launchbrowser.ALL_browser_testng1 -->
