<?xml version="1.0" encoding="UTF-8"?>
<!-- Generated by org.testng.reporters.JUnitReportReporter -->
<testsuite hostname="win2019" failures="0" tests="3" name="com.launchbrowser.Chrome_browser_testng1" time="32.212" errors="0" timestamp="2024-08-20T01:35:09 PDT" skipped="0">
  <testcase classname="com.launchbrowser.Chrome_browser_testng1" name="ChromeBrowserLaunch" time="9.333"/>
  <system-out/>
  <testcase classname="com.launchbrowser.Chrome_browser_testng1" name="EdgeBroswerLaunch" time="10.033"/>
  <system-out/>
  <testcase classname="com.launchbrowser.Chrome_browser_testng1" name="FirefoxBroswerLaunch" time="12.846"/>
  <system-out/>
</testsuite> <!-- com.launchbrowser.Chrome_browser_testng1 -->
